<?xml version="1.0" encoding="UTF-8"?>
<!-- Generated by org.testng.reporters.JUnitReportReporter -->
<testsuite hostname="TTPL-LNV-0113" failures="0" tests="1" name="test.Signup" time="65.234" errors="0" timestamp="2024-04-25T16:08:34 IST" skipped="0">
  <testcase classname="test.Signup" name="test" time="65.234"/>
  <system-out/>
</testsuite> <!-- test.Signup -->
