<?xml version="1.0" encoding="UTF-8"?>
<!-- Generated by org.testng.reporters.JUnitReportReporter -->
<testsuite hostname="TTPL-LNV-0113" failures="0" tests="1" name="test.BrowserLaunch" time="10.144" errors="0" timestamp="2024-05-03T13:32:52 IST" skipped="0">
  <testcase classname="test.BrowserLaunch" name="test" time="10.144"/>
  <system-out/>
</testsuite> <!-- test.BrowserLaunch -->
