<?xml version="1.0" encoding="UTF-8"?>
<!-- Generated by org.testng.reporters.JUnitReportReporter -->
<testsuite hostname="TTPL-LNV-0113" failures="0" tests="1" name="test.Element" time="21.192" errors="0" timestamp="2024-05-03T13:25:05 IST" skipped="0">
  <testcase classname="test.Element" name="test" time="21.192"/>
  <system-out/>
</testsuite> <!-- test.Element -->
