<?xml version="1.0" encoding="UTF-8"?>
<!-- Generated by org.testng.reporters.JUnitReportReporter -->
<testsuite hostname="TTPL-LNV-0113" failures="0" tests="1" name="test.Element_scroll" time="5.153" errors="0" timestamp="2024-05-03T13:30:19 IST" skipped="0">
  <testcase classname="test.Element_scroll" name="test" time="5.153"/>
  <system-out/>
</testsuite> <!-- test.Element_scroll -->
