<?xml version="1.0" encoding="UTF-8"?>
<!-- Generated by org.testng.reporters.JUnitReportReporter -->
<testsuite hostname="TTPL-LNV-0113" failures="0" tests="1" name="test.Login2" time="7.884" errors="0" timestamp="2024-04-29T11:30:28 IST" skipped="0">
  <testcase classname="test.Login2" name="test" time="7.884"/>
  <system-out/>
</testsuite> <!-- test.Login2 -->
