<?xml version="1.0" encoding="UTF-8"?>
<!-- Generated by org.testng.reporters.JUnitReportReporter -->
<testsuite hostname="TTPL-LNV-0113" failures="0" tests="1" name="test.DragDrop" time="10.914" errors="0" timestamp="2024-05-03T13:28:13 IST" skipped="0">
  <testcase classname="test.DragDrop" name="test" time="10.914"/>
  <system-out/>
</testsuite> <!-- test.DragDrop -->
