<?xml version="1.0" encoding="UTF-8"?>
<!-- Generated by org.testng.reporters.JUnitReportReporter -->
<testsuite hostname="TTPL-LNV-0113" failures="0" tests="1" name="test.Element_saucelab" time="104.781" errors="0" timestamp="2024-05-03T13:18:50 IST" skipped="0">
  <testcase classname="test.Element_saucelab" name="test" time="104.781"/>
  <system-out/>
</testsuite> <!-- test.Element_saucelab -->
