<?xml version="1.0" encoding="UTF-8"?>
<!-- Generated by org.testng.reporters.JUnitReportReporter -->
<testsuite hostname="TTPL-LNV-0113" failures="0" tests="1" name="test.Login_Screenshot_report" time="10.819" errors="0" timestamp="2024-04-29T12:45:17 IST" skipped="0">
  <testcase classname="test.Login_Screenshot_report" name="test" time="10.819"/>
  <system-out/>
</testsuite> <!-- test.Login_Screenshot_report -->
