<?xml version="1.0" encoding="UTF-8"?>
<!-- Generated by org.testng.reporters.JUnitReportReporter -->
<testsuite hostname="TTPL-LNV-0113" failures="0" tests="1" name="test.Screenshot_report" time="8.587" errors="0" timestamp="2024-04-26T13:33:28 IST" skipped="0">
  <testcase classname="test.Screenshot_report" name="test" time="8.587"/>
  <system-out/>
</testsuite> <!-- test.Screenshot_report -->
